Flow report for Seven_segment
Fri Jan 22 11:08:55 2016
Quartus II Version 9.0 Build 132 02/25/2009 SJ Full Version


---------------------
; Table of Contents ;
---------------------
  1. Legal Notice
  2. Flow Summary
  3. Flow Settings
  4. Flow Non-Default Global Settings
  5. Flow Elapsed Time
  6. Flow OS Summary
  7. Flow Log



----------------
; Legal Notice ;
----------------
Copyright (C) 1991-2009 Altera Corporation
Your use of Altera Corporation's design tools, logic functions 
and other software and tools, and its AMPP partner logic 
functions, and any output files from any of the foregoing 
(including device programming or simulation files), and any 
associated documentation or information are expressly subject 
to the terms and conditions of the Altera Program License 
Subscription Agreement, Altera MegaCore Function License 
Agreement, or other applicable license agreement, including, 
without limitation, that your use is for the sole purpose of 
programming logic devices manufactured by Altera and sold by 
Altera or its authorized distributors.  Please refer to the 
applicable agreement for further details.



+-------------------------------------------------------------------------------+
; Flow Summary                                                                  ;
+------------------------------------+------------------------------------------+
; Flow Status                        ; Successful - Fri Jan 22 11:08:55 2016    ;
; Quartus II Version                 ; 9.0 Build 132 02/25/2009 SJ Full Version ;
; Revision Name                      ; Seven_segment                            ;
; Top-level Entity Name              ; Seven_Segment                            ;
; Family                             ; Cyclone II                               ;
; Device                             ; EP2C35F672C6                             ;
; Timing Models                      ; Final                                    ;
; Met timing requirements            ; Yes                                      ;
; Total logic elements               ; 7 / 33,216 ( < 1 % )                     ;
;     Total combinational functions  ; 7 / 33,216 ( < 1 % )                     ;
;     Dedicated logic registers      ; 0 / 33,216 ( 0 % )                       ;
; Total registers                    ; 0                                        ;
; Total pins                         ; 43 / 475 ( 9 % )                         ;
; Total virtual pins                 ; 0                                        ;
; Total memory bits                  ; 0 / 483,840 ( 0 % )                      ;
; Embedded Multiplier 9-bit elements ; 0 / 70 ( 0 % )                           ;
; Total PLLs                         ; 0 / 4 ( 0 % )                            ;
+------------------------------------+------------------------------------------+


+-----------------------------------------+
; Flow Settings                           ;
+-------------------+---------------------+
; Option            ; Setting             ;
+-------------------+---------------------+
; Start date & time ; 01/22/2016 11:08:38 ;
; Main task         ; Compilation         ;
; Revision Name     ; Seven_segment       ;
+-------------------+---------------------+


+-------------------------------------------------------------------------------------------------------------------------------+
; Flow Non-Default Global Settings                                                                                              ;
+------------------------------------+-------------------------------------------+---------------+-------------+----------------+
; Assignment Name                    ; Value                                     ; Default Value ; Entity Name ; Section Id     ;
+------------------------------------+-------------------------------------------+---------------+-------------+----------------+
; COMPILER_SIGNATURE_ID              ; 106258771469378.145347891805964           ; --            ; --          ; --             ;
; MAX_CORE_JUNCTION_TEMP             ; 85                                        ; --            ; --          ; --             ;
; MIN_CORE_JUNCTION_TEMP             ; 0                                         ; --            ; --          ; --             ;
; MISC_FILE                          ; N:/ece124/Seven_segment/Seven_segment.dpf ; --            ; --          ; --             ;
; PARTITION_COLOR                    ; 16764057                                  ; --            ; --          ; Top            ;
; PARTITION_NETLIST_TYPE             ; SOURCE                                    ; --            ; --          ; Top            ;
; USE_GENERATED_PHYSICAL_CONSTRAINTS ; Off                                       ; --            ; --          ; eda_blast_fpga ;
+------------------------------------+-------------------------------------------+---------------+-------------+----------------+


+-----------------------------------------------------------------------------------------------------------------------------+
; Flow Elapsed Time                                                                                                           ;
+-------------------------+--------------+-------------------------+---------------------+------------------------------------+
; Module Name             ; Elapsed Time ; Average Processors Used ; Peak Virtual Memory ; Total CPU Time (on all processors) ;
+-------------------------+--------------+-------------------------+---------------------+------------------------------------+
; Analysis & Synthesis    ; 00:00:02     ; 1.0                     ; 234 MB              ; 00:00:01                           ;
; Fitter                  ; 00:00:06     ; 1.0                     ; 296 MB              ; 00:00:04                           ;
; Assembler               ; 00:00:04     ; 1.0                     ; 263 MB              ; 00:00:03                           ;
; Classic Timing Analyzer ; 00:00:01     ; 1.0                     ; 172 MB              ; 00:00:00                           ;
; Total                   ; 00:00:13     ; --                      ; --                  ; 00:00:08                           ;
+-------------------------+--------------+-------------------------+---------------------+------------------------------------+


+------------------------------------------------------------------------------------------+
; Flow OS Summary                                                                          ;
+-------------------------+------------------+---------------+------------+----------------+
; Module Name             ; Machine Hostname ; OS Name       ; OS Version ; Processor type ;
+-------------------------+------------------+---------------+------------+----------------+
; Analysis & Synthesis    ; ECE-CPUIO19      ; Windows Vista ; 6.1        ; x86_64         ;
; Fitter                  ; ECE-CPUIO19      ; Windows Vista ; 6.1        ; x86_64         ;
; Assembler               ; ECE-CPUIO19      ; Windows Vista ; 6.1        ; x86_64         ;
; Classic Timing Analyzer ; ECE-CPUIO19      ; Windows Vista ; 6.1        ; x86_64         ;
+-------------------------+------------------+---------------+------------+----------------+


------------
; Flow Log ;
------------
quartus_map --read_settings_files=on --write_settings_files=off Seven_segment -c Seven_segment
quartus_fit --read_settings_files=off --write_settings_files=off Seven_segment -c Seven_segment
quartus_asm --read_settings_files=off --write_settings_files=off Seven_segment -c Seven_segment
quartus_tan --read_settings_files=off --write_settings_files=off Seven_segment -c Seven_segment --timing_analysis_only



