Classic Timing Analyzer report for Lab1
Thu Jan 28 20:40:16 2016
Quartus II Version 9.0 Build 184 04/29/2009 Service Pack 1 SJ Web Edition


---------------------
; Table of Contents ;
---------------------
  1. Legal Notice
  2. Timing Analyzer Summary
  3. Timing Analyzer Settings
  4. Parallel Compilation
  5. tpd
  6. Timing Analyzer Messages



----------------
; Legal Notice ;
----------------
Copyright (C) 1991-2009 Altera Corporation
Your use of Altera Corporation's design tools, logic functions 
and other software and tools, and its AMPP partner logic 
functions, and any output files from any of the foregoing 
(including device programming or simulation files), and any 
associated documentation or information are expressly subject 
to the terms and conditions of the Altera Program License 
Subscription Agreement, Altera MegaCore Function License 
Agreement, or other applicable license agreement, including, 
without limitation, that your use is for the sole purpose of 
programming logic devices manufactured by Altera and sold by 
Altera or its authorized distributors.  Please refer to the 
applicable agreement for further details.



+------------------------------------------------------------------------------------------------------------------------------+
; Timing Analyzer Summary                                                                                                      ;
+------------------------------+-------+---------------+-------------+--------+---------+------------+----------+--------------+
; Type                         ; Slack ; Required Time ; Actual Time ; From   ; To      ; From Clock ; To Clock ; Failed Paths ;
+------------------------------+-------+---------------+-------------+--------+---------+------------+----------+--------------+
; Worst-case tpd               ; N/A   ; None          ; 11.120 ns   ; key[0] ; ledg[0] ; --         ; --       ; 0            ;
; Total number of failed paths ;       ;               ;             ;        ;         ;            ;          ; 0            ;
+------------------------------+-------+---------------+-------------+--------+---------+------------+----------+--------------+


+--------------------------------------------------------------------------------------------------------------------+
; Timing Analyzer Settings                                                                                           ;
+---------------------------------------------------------------------+--------------------+------+----+-------------+
; Option                                                              ; Setting            ; From ; To ; Entity Name ;
+---------------------------------------------------------------------+--------------------+------+----+-------------+
; Device Name                                                         ; EP2C35F672C6       ;      ;    ;             ;
; Timing Models                                                       ; Final              ;      ;    ;             ;
; Default hold multicycle                                             ; Same as Multicycle ;      ;    ;             ;
; Cut paths between unrelated clock domains                           ; On                 ;      ;    ;             ;
; Cut off read during write signal paths                              ; On                 ;      ;    ;             ;
; Cut off feedback from I/O pins                                      ; On                 ;      ;    ;             ;
; Report Combined Fast/Slow Timing                                    ; Off                ;      ;    ;             ;
; Ignore Clock Settings                                               ; Off                ;      ;    ;             ;
; Analyze latches as synchronous elements                             ; On                 ;      ;    ;             ;
; Enable Recovery/Removal analysis                                    ; Off                ;      ;    ;             ;
; Enable Clock Latency                                                ; Off                ;      ;    ;             ;
; Use TimeQuest Timing Analyzer                                       ; Off                ;      ;    ;             ;
; Minimum Core Junction Temperature                                   ; 0                  ;      ;    ;             ;
; Maximum Core Junction Temperature                                   ; 85                 ;      ;    ;             ;
; Number of source nodes to report per destination node               ; 10                 ;      ;    ;             ;
; Number of destination nodes to report                               ; 10                 ;      ;    ;             ;
; Number of paths to report                                           ; 200                ;      ;    ;             ;
; Report Minimum Timing Checks                                        ; Off                ;      ;    ;             ;
; Use Fast Timing Models                                              ; Off                ;      ;    ;             ;
; Report IO Paths Separately                                          ; Off                ;      ;    ;             ;
; Perform Multicorner Analysis                                        ; On                 ;      ;    ;             ;
; Reports the worst-case path for each clock domain and analysis      ; Off                ;      ;    ;             ;
; Removes common clock path pessimism (CCPP) during slack computation ; Off                ;      ;    ;             ;
; Output I/O Timing Endpoint                                          ; Near End           ;      ;    ;             ;
+---------------------------------------------------------------------+--------------------+------+----+-------------+


Parallel compilation was disabled, but you have multiple processors available. Enable parallel compilation to reduce compilation time.
+-------------------------------------+
; Parallel Compilation                ;
+----------------------------+--------+
; Processors                 ; Number ;
+----------------------------+--------+
; Number detected on machine ; 4      ;
; Maximum allowed            ; 1      ;
+----------------------------+--------+


+----------------------------------------------------------------+
; tpd                                                            ;
+-------+-------------------+-----------------+--------+---------+
; Slack ; Required P2P Time ; Actual P2P Time ; From   ; To      ;
+-------+-------------------+-----------------+--------+---------+
; N/A   ; None              ; 11.120 ns       ; key[0] ; ledg[0] ;
; N/A   ; None              ; 10.987 ns       ; key[2] ; ledg[0] ;
; N/A   ; None              ; 10.899 ns       ; key[1] ; ledg[0] ;
; N/A   ; None              ; 10.701 ns       ; key[2] ; ledr[0] ;
; N/A   ; None              ; 6.782 ns        ; sw[1]  ; ledg[0] ;
; N/A   ; None              ; 6.215 ns        ; sw[1]  ; ledr[0] ;
+-------+-------------------+-----------------+--------+---------+


+--------------------------+
; Timing Analyzer Messages ;
+--------------------------+
Info: *******************************************************************
Info: Running Quartus II Classic Timing Analyzer
    Info: Version 9.0 Build 184 04/29/2009 Service Pack 1 SJ Web Edition
    Info: Processing started: Thu Jan 28 20:40:15 2016
Info: Command: quartus_tan --read_settings_files=off --write_settings_files=off Lab1 -c Lab1 --timing_analysis_only
Info: Longest tpd from source pin "key[0]" to destination pin "ledg[0]" is 11.120 ns
    Info: 1: + IC(0.000 ns) + CELL(0.862 ns) = 0.862 ns; Loc. = PIN_G26; Fanout = 1; PIN Node = 'key[0]'
    Info: 2: + IC(5.108 ns) + CELL(0.150 ns) = 6.120 ns; Loc. = LCCOMB_X64_Y19_N26; Fanout = 1; COMB Node = 'gas_control~4'
    Info: 3: + IC(2.192 ns) + CELL(2.808 ns) = 11.120 ns; Loc. = PIN_AE22; Fanout = 0; PIN Node = 'ledg[0]'
    Info: Total cell delay = 3.820 ns ( 34.35 % )
    Info: Total interconnect delay = 7.300 ns ( 65.65 % )
Info: Quartus II Classic Timing Analyzer was successful. 0 errors, 0 warnings
    Info: Peak virtual memory: 189 megabytes
    Info: Processing ended: Thu Jan 28 20:40:16 2016
    Info: Elapsed time: 00:00:01
    Info: Total CPU time (on all processors): 00:00:00


